[2019-12-16 17:42:52] [Path Check] Started
[2019-12-16 17:42:52] [Path Check] Good!
[2019-12-16 17:42:52] [First Run] Showing Save Data Settings
[2019-12-16 17:42:58] URL check passed for http://polskanora.tk/kodi/builds.txt: Status code [200]
[2019-12-16 17:42:58] [Current Build Check] Build Not Installed
[2019-12-16 17:43:02] [Current Build Check] [User Selected: Open Build Menu] [Next Check: ]
[2019-12-16 17:43:02] [Build Update Check] Next Check: 
[2019-12-16 17:43:02] [Auto Install Repo] Not Enabled
[2019-12-16 17:43:02] [Binary Detection] Eligible Binary Addons to Reinstall
[2019-12-16 17:43:02] [Auto Update Wizard] Started
[2019-12-16 17:43:02] URL check passed for http://polskanora.tk/kodi/builds.txt: Status code [200]
[2019-12-16 17:43:03] URL check passed for http://polskanora.tk/kodi/builds.txt: Status code [200]
[2019-12-16 17:43:03] [Auto Update Wizard] No New Version v1.0.0
[2019-12-16 17:43:03] plugin://plugin.program.multiwuwizard/: [ mode: builds ] 
[2019-12-16 17:43:03] [Notifications] Started
[2019-12-16 17:43:03] URL check passed for http://polskanora.tk/kodi/builds.txt: Status code [200]
[2019-12-16 17:43:03] URL check passed for http://polskanora.tk/kodi/notify.txt: Status code [200]
[2019-12-16 17:43:03] URL check passed for http://polskanora.tk/kodi/builds.txt: Status code [200]
[2019-12-16 17:43:03] URL check passed for http://polskanora.tk/kodi/notify.txt: Status code [200]
[2019-12-16 17:43:03] URL check passed for http://polskanora.tk/kodi/builds.txt: Status code [200]
[2019-12-16 17:43:04] [Notifications] id: 1
[2019-12-16 17:43:04] URL check passed for http://polskanora.tk/kodi/builds.txt: Status code [200]
[2019-12-16 17:43:08] [Notification] NotifyID 1 Dismissed
[2019-12-16 17:43:08] [Notifications] Complete
[2019-12-16 17:43:08] [Build Installed Check] Not Enabled
[2019-12-16 17:43:08] [Trakt Data] Started
[2019-12-16 17:43:08] [Trakt Data] Saving all Data
[2019-12-16 17:43:08] [Debrid Data] Started
[2019-12-16 17:43:08] [Debrid Data] Saving all Data
[2019-12-16 17:43:08] [Login Info] Started
[2019-12-16 17:43:08] [Login Info] Saving all Data
[2019-12-16 17:43:08] Login Data Saved for TMDb - metahandler
[2019-12-16 17:43:08] plugin://plugin.program.multiwuwizard/: [ mode: builds ] 
[2019-12-16 17:43:09] Login Data Saved for TMDb - Exodus Redux
[2019-12-16 17:43:09] URL check passed for http://polskanora.tk/kodi/builds.txt: Status code [200]
[2019-12-16 17:43:09] Login Data Saved for TVDB - metahandler
[2019-12-16 17:43:09] URL check passed for http://polskanora.tk/kodi/builds.txt: Status code [200]
[2019-12-16 17:43:09] Login Data Saved for OMDb - metahandler
[2019-12-16 17:43:09] URL check passed for http://polskanora.tk/kodi/builds.txt: Status code [200]
[2019-12-16 17:43:09] [Auto Clean Up] Not Enabled
[2019-12-16 17:43:09] URL check passed for http://polskanora.tk/kodi/builds.txt: Status code [200]
[2019-12-16 17:43:11] plugin://plugin.program.multiwuwizard/: 
[2019-12-16 17:43:11] URL check passed for http://polskanora.tk/kodi/builds.txt: Status code [200]
[2019-12-16 17:43:11] URL check passed for http://polskanora.tk/kodi/builds.txt: Status code [200]
[2019-12-16 17:43:11] URL is not of a valid schema: http://
[2019-12-16 17:43:11] URL is not of a valid schema: http://
[2019-12-16 17:43:13] plugin://plugin.program.multiwuwizard/: [ mode: builds ] 
[2019-12-16 17:43:14] URL check passed for http://polskanora.tk/kodi/builds.txt: Status code [200]
[2019-12-16 17:43:14] URL check passed for http://polskanora.tk/kodi/builds.txt: Status code [200]
[2019-12-16 17:43:14] URL check passed for http://polskanora.tk/kodi/builds.txt: Status code [200]
[2019-12-16 17:43:14] URL check passed for http://polskanora.tk/kodi/builds.txt: Status code [200]
[2019-12-16 17:44:45] plugin://plugin.program.multiwuwizard/: 
[2019-12-16 17:44:46] URL check passed for http://polskanora.tk/kodi/builds.txt: Status code [200]
[2019-12-16 17:44:46] URL check passed for http://polskanora.tk/kodi/builds.txt: Status code [200]
[2019-12-16 17:44:46] URL is not of a valid schema: http://
[2019-12-16 17:44:46] URL is not of a valid schema: http://
[2019-12-16 17:44:48] plugin://plugin.program.multiwuwizard/: [ mode: builds ] 
[2019-12-16 17:44:48] URL check passed for http://polskanora.tk/kodi/builds.txt: Status code [200]
[2019-12-16 17:44:48] URL check passed for http://polskanora.tk/kodi/builds.txt: Status code [200]
[2019-12-16 17:44:48] URL check passed for http://polskanora.tk/kodi/builds.txt: Status code [200]
[2019-12-16 17:44:48] URL check passed for http://polskanora.tk/kodi/builds.txt: Status code [200]
[2019-12-16 17:45:32] plugin://plugin.program.multiwuwizard/: 
[2019-12-16 17:45:32] URL check passed for http://polskanora.tk/kodi/builds.txt: Status code [200]
[2019-12-16 17:45:32] URL check passed for http://polskanora.tk/kodi/builds.txt: Status code [200]
[2019-12-16 17:45:32] URL is not of a valid schema: http://
[2019-12-16 17:45:32] URL is not of a valid schema: http://
[2019-12-16 17:45:34] plugin://plugin.program.multiwuwizard/: [ mode: builds ] 
[2019-12-16 17:45:34] URL check passed for http://polskanora.tk/kodi/builds.txt: Status code [200]
[2019-12-16 17:45:34] URL check passed for http://polskanora.tk/kodi/builds.txt: Status code [200]
[2019-12-16 17:45:34] URL check passed for http://polskanora.tk/kodi/builds.txt: Status code [200]
[2019-12-16 17:45:34] URL check passed for http://polskanora.tk/kodi/builds.txt: Status code [200]
[2019-12-16 17:45:34] URL is not of a valid schema: http://
[2019-12-16 17:45:34] URL is not of a valid schema: url.to.guisettings
[2019-12-16 17:45:34] URL is not of a valid schema: url.to.themes
[2019-12-16 17:45:43] plugin://plugin.program.multiwuwizard/: [ action: fresh ] [ mode: install ] [ name: MWUBuild Alpha ] 
[2019-12-16 17:45:43] URL check passed for http://polskanora.tk/kodi/builds.txt: Status code [200]
[2019-12-16 17:45:43] URL check passed for http://polskanora.tk/kodi/builds.txt: Status code [200]
[2019-12-16 17:45:46] plugin://plugin.program.multiwuwizard/: [ action: normal ] [ mode: install ] [ name: MWUBuild Alpha ] 
[2019-12-16 17:45:46] Login Data Saved for TMDb - metahandler
[2019-12-16 17:45:47] Login Data Saved for TMDb - Exodus Redux
[2019-12-16 17:45:47] plugin://plugin.program.multiwuwizard/: [ mode: builds ] 
[2019-12-16 17:45:47] Login Data Saved for TVDB - metahandler
[2019-12-16 17:45:47] Login Data Saved for OMDb - metahandler
[2019-12-16 17:45:47] URL check passed for http://polskanora.tk/kodi/builds.txt: Status code [200]
[2019-12-16 17:45:47] URL check passed for http://polskanora.tk/kodi/builds.txt: Status code [200]
[2019-12-16 17:45:47] URL check passed for http://polskanora.tk/kodi/builds.txt: Status code [200]
[2019-12-16 17:45:47] URL check passed for http://polskanora.tk/kodi/builds.txt: Status code [200]
[2019-12-16 17:45:47] URL check passed for http://polskanora.tk/kodi/builds.txt: Status code [200]
[2019-12-16 17:45:47] URL check passed for http://polskanora.tk/kodi/builds.txt: Status code [200]
[2019-12-16 17:45:47] URL is not of a valid schema: http://
[2019-12-16 17:45:47] URL is not of a valid schema: url.to.guisettings
[2019-12-16 17:45:47] URL is not of a valid schema: url.to.themes
[2019-12-16 17:45:51] URL check passed for http://polskanora.tk/kodi/builds.txt: Status code [200]
[2019-12-16 17:45:51] URL check passed for http://polskanora.tk/kodi/builds.txt: Status code [200]
[2019-12-16 17:45:51] URL check passed for http://polskanora.tk/kodi/build.zip: Status code [200]
[2019-12-16 17:46:09] Login Data Saved for TMDb - metahandler
[2019-12-16 17:46:09] Login Data Saved for TMDb - Exodus Redux
[2019-12-16 17:46:09] plugin://plugin.program.multiwuwizard/: [ mode: builds ] 
[2019-12-16 17:46:10] Login Data Saved for TVDB - metahandler
[2019-12-16 17:46:10] Login Data Saved for OMDb - metahandler
[2019-12-16 17:46:10] URL check passed for http://polskanora.tk/kodi/builds.txt: Status code [200]
[2019-12-16 17:46:10] URL check passed for http://polskanora.tk/kodi/builds.txt: Status code [200]
[2019-12-16 17:46:10] URL check passed for http://polskanora.tk/kodi/builds.txt: Status code [200]
[2019-12-16 17:46:10] URL check passed for http://polskanora.tk/kodi/builds.txt: Status code [200]
[2019-12-16 17:46:10] URL is not of a valid schema: http://
[2019-12-16 17:46:10] URL is not of a valid schema: url.to.guisettings
[2019-12-16 17:46:10] URL is not of a valid schema: url.to.themes
[2019-12-16 17:46:11] plugin://plugin.program.multiwuwizard/: [ mode: builds ] 
[2019-12-16 17:46:11] URL check passed for http://polskanora.tk/kodi/builds.txt: Status code [200]
[2019-12-16 17:46:11] URL check passed for http://polskanora.tk/kodi/builds.txt: Status code [200]
[2019-12-16 17:46:11] URL check passed for http://polskanora.tk/kodi/builds.txt: Status code [200]
[2019-12-16 17:46:11] URL check passed for http://polskanora.tk/kodi/builds.txt: Status code [200]
[2019-12-16 17:46:11] URL is not of a valid schema: http://
[2019-12-16 17:46:11] URL is not of a valid schema: url.to.guisettings
[2019-12-16 17:46:11] URL is not of a valid schema: url.to.themes
[2019-12-16 17:46:11] Keep Log File: kodi.log
[2019-12-16 17:46:13] Keep sources.xml: C:\Users\Oliwier\AppData\Roaming\Kodi\userdata\sources.xml
[2019-12-16 17:46:13] Ignoring Addons27.db on Kodi Leia
[2019-12-16 17:46:13] Failed to delete, Purging DB
[2019-12-16 17:46:13] -> [Error 32] Proces nie mo¿e uzyskaæ dostêpu do pliku, poniewa¿ jest on u¿ywany przez inny proces: 'C:\\Users\\Oliwier\\AppData\\Roaming\\Kodi\\userdata\\Database\\MyVideos116.db'
[2019-12-16 17:46:13] Purging DB C:\Users\Oliwier\AppData\Roaming\Kodi\userdata\Database\MyVideos116.db.
[2019-12-16 17:46:13] Data from table `version` skipped.
[2019-12-16 17:46:13] Data from table `bookmark` cleared.
[2019-12-16 17:46:13] Data from table `settings` cleared.
[2019-12-16 17:46:13] Data from table `stacktimes` cleared.
[2019-12-16 17:46:13] Data from table `genre` cleared.
[2019-12-16 17:46:13] Data from table `genre_link` cleared.
[2019-12-16 17:46:13] Data from table `country` cleared.
[2019-12-16 17:46:13] Data from table `country_link` cleared.
[2019-12-16 17:46:13] Data from table `movie` cleared.
[2019-12-16 17:46:13] Data from table `actor` cleared.
[2019-12-16 17:46:13] Data from table `actor_link` cleared.
[2019-12-16 17:46:13] Data from table `director_link` cleared.
[2019-12-16 17:46:13] Data from table `writer_link` cleared.
[2019-12-16 17:46:13] Data from table `path` cleared.
[2019-12-16 17:46:13] Data from table `files` cleared.
[2019-12-16 17:46:13] Data from table `tvshow` cleared.
[2019-12-16 17:46:13] Data from table `episode` cleared.
[2019-12-16 17:46:13] Data from table `tvshowlinkpath` cleared.
[2019-12-16 17:46:13] Data from table `movielinktvshow` cleared.
[2019-12-16 17:46:13] Data from table `studio` cleared.
[2019-12-16 17:46:13] Data from table `studio_link` cleared.
[2019-12-16 17:46:13] Data from table `musicvideo` cleared.
[2019-12-16 17:46:13] Data from table `streamdetails` cleared.
[2019-12-16 17:46:13] Data from table `sets` cleared.
[2019-12-16 17:46:13] Data from table `seasons` cleared.
[2019-12-16 17:46:13] Data from table `art` cleared.
[2019-12-16 17:46:13] Data from table `tag` cleared.
[2019-12-16 17:46:13] Data from table `tag_link` cleared.
[2019-12-16 17:46:13] Data from table `rating` cleared.
[2019-12-16 17:46:13] Data from table `uniqueid` cleared.
[2019-12-16 17:46:13] C:\Users\Oliwier\AppData\Roaming\Kodi\userdata\Database\MyVideos116.db DB Purging Complete.
[2019-12-16 17:46:14] lookandfeel.enablerssfeeds saved to false
[2019-12-16 17:46:14] lookandfeel.font saved to "Default"
[2019-12-16 17:46:14] lookandfeel.rssedit saved to ""
[2019-12-16 17:46:14] lookandfeel.skincolors saved to "SKINDEFAULT"
[2019-12-16 17:46:14] lookandfeel.skintheme saved to "SKINDEFAULT"
[2019-12-16 17:46:14] lookandfeel.skinzoom saved to 0
[2019-12-16 17:46:14] lookandfeel.soundskin saved to "resource.uisounds.kodi"
[2019-12-16 17:46:14] lookandfeel.startupwindow saved to 10000
[2019-12-16 17:46:14] lookandfeel.stereostrength saved to 5
[2019-12-16 17:46:14] URL check passed for http://polskanora.tk/kodi/builds.txt: Status code [200]
[2019-12-16 17:46:14] Skipping: kodi.log
[2019-12-16 17:46:20] Skipping: addons/script.module.chardet/.gitignore
[2019-12-16 17:46:22] Skipping: addons/script.module.idna/.gitignore
[2019-12-16 17:46:31] Skipping: addons/script.module.routing/.gitignore
[2019-12-16 17:46:45] Skipping: userdata/sources.xml
[2019-12-16 17:46:45] Skipping: userdata/addon_data/script.module.metahandler/meta_cache/video_cache.db
[2019-12-16 17:46:45] Skipping: userdata/Database/Textures13.db
[2019-12-16 17:46:46] URL check passed for http://polskanora.tk/kodi/builds.txt: Status code [200]
[2019-12-16 17:46:46] URL check passed for http://polskanora.tk/kodi/builds.txt: Status code [200]
[2019-12-16 17:46:46] INSTALLED 100: [ERRORS:0]
[2019-12-16 17:46:46] URL check passed for http://polskanora.tk/kodi/builds.txt: Status code [200]
[2019-12-16 17:46:46] URL is not of a valid schema: url.to.themes
[2019-12-16 17:46:46] Force Checking for Updates: (1, u'repository.xbmc.org', u'3f2ee568ca8bb5816f18596a7403ddcdcf9cb45adc43e4531ac9992205456e9e', u'2019-12-16 17:14:36', u'3.1.6')
[2019-12-16 17:46:49] Force Closing Kodi: Platform[windows]
[2019-12-16 17:47:08] [Path Check] Started
[2019-12-16 17:47:08] [Path Check] Good!
[2019-12-16 17:47:08] [First Run] Skipping Save Data Settings
[2019-12-16 17:47:08] URL check passed for http://polskanora.tk/kodi/builds.txt: Status code [200]
[2019-12-16 17:47:08] [Current Build Check] Build Installed: MWUBuild Alpha
[2019-12-16 17:47:08] [Build Update Check] Started
[2019-12-16 17:47:08] URL check passed for http://polskanora.tk/kodi/builds.txt: Status code [200]
[2019-12-16 17:47:08] [Build Check] Build Installed: Checking Updates
[2019-12-16 17:47:08] URL check passed for http://polskanora.tk/kodi/builds.txt: Status code [200]
[2019-12-16 17:47:08] [Check Updates] [Installed Version: 1.0.0] [Current Version: 1.0.0]
[2019-12-16 17:47:08] [Auto Install Repo] Not Enabled
[2019-12-16 17:47:08] [Binary Detection] Eligible Binary Addons to Reinstall
[2019-12-16 17:47:08] [Auto Update Wizard] Started
[2019-12-16 17:47:08] URL check passed for http://polskanora.tk/kodi/builds.txt: Status code [200]
[2019-12-16 17:47:08] URL check passed for http://polskanora.tk/kodi/builds.txt: Status code [200]
[2019-12-16 17:47:08] [Auto Update Wizard] No New Version v1.0.0
[2019-12-16 17:47:08] [Notifications] Started
[2019-12-16 17:47:08] URL check passed for http://polskanora.tk/kodi/notify.txt: Status code [200]
[2019-12-16 17:47:08] URL check passed for http://polskanora.tk/kodi/notify.txt: Status code [200]
[2019-12-16 17:47:08] [Notifications] id[1] Dismissed
[2019-12-16 17:47:08] [Build Installed Check] Started
[2019-12-16 17:47:08] [Build Installed Check] Install seems to be completed correctly
[2019-12-16 17:47:08] Trakt Data Not Found for Exodus Redux
[2019-12-16 17:47:08] [Trakt Data] Gaia(plugin.video.gaia) is not installed
[2019-12-16 17:47:08] [Trakt Data] NuMb3r5(plugin.video.numbersbynumbers) is not installed
[2019-12-16 17:47:08] [Trakt Data] OpenMeta(plugin.video.openmeta) is not installed
[2019-12-16 17:47:08] [Trakt Data] Premiumizer(plugin.video.premiumizer) is not installed
[2019-12-16 17:47:08] [Trakt Data] Realizer(plugin.video.realizer) is not installed
[2019-12-16 17:47:08] [Trakt Data] Scrubs v2(plugin.video.scrubsv2) is not installed
[2019-12-16 17:47:08] [Trakt Data] Seren(plugin.video.seren) is not installed
[2019-12-16 17:47:08] [Trakt Data] THE CREW(plugin.video.thecrew) is not installed
[2019-12-16 17:47:08] [Trakt Data] Trakt(script.trakt) is not installed
[2019-12-16 17:47:08] [Trakt Data] Venom(plugin.video.venom) is not installed
[2019-12-16 17:47:08] [Build Installed Check] Restoring Trakt Data
[2019-12-16 17:47:08] [Debrid Info] Gaia AD(plugin.video.gaia) is not installed
[2019-12-16 17:47:08] [Debrid Info] Gaia RD(plugin.video.gaia) is not installed
[2019-12-16 17:47:08] [Debrid Info] Gaia PM(plugin.video.gaia) is not installed
[2019-12-16 17:47:08] [Debrid Info] Premiumizer(plugin.video.premiumizer) is not installed
[2019-12-16 17:47:08] [Debrid Info] Seren AD(plugin.video.seren) is not installed
[2019-12-16 17:47:08] [Debrid Info] Seren RD(plugin.video.seren) is not installed
[2019-12-16 17:47:08] [Debrid Info] Seren PM (API Key)(plugin.video.seren) is not installed
[2019-12-16 17:47:08] [Debrid Info] Seren PM (OAuth)(plugin.video.seren) is not installed
[2019-12-16 17:47:08] Debrid Info Not Found for ResolveURL AD
[2019-12-16 17:47:08] Debrid Info Not Found for ResolveURL RD
[2019-12-16 17:47:08] Debrid Info Not Found for ResolveURL PM
[2019-12-16 17:47:08] [Debrid Info] URLResolver AD(script.module.urlresolver) is not installed
[2019-12-16 17:47:08] [Debrid Info] URLResolver RD(script.module.urlresolver) is not installed
[2019-12-16 17:47:08] [Debrid Info] URLResolver PM(script.module.urlresolver) is not installed
[2019-12-16 17:47:08] [Build Installed Check] Restoring Real Debrid Data
[2019-12-16 17:47:09] Login Data Not Found for Fanart.tv - Exodus Redux
[2019-12-16 17:47:09] [Login Info] Fanart.tv - Gaia(plugin.video.gaia) is not installed
[2019-12-16 17:47:09] [Login Info] Fanart.tv - NuMb3r5(plugin.video.numbersbynumbers) is not installed
[2019-12-16 17:47:09] [Login Info] Fanart.tv - script.module.metadatautils(script.module.metadatautils) is not installed
[2019-12-16 17:47:09] [Login Info] Fanart.tv - Premiumizer(plugin.video.premiumizer) is not installed
[2019-12-16 17:47:09] [Login Info] Fanart.tv - Realizer(plugin.video.realizer) is not installed
[2019-12-16 17:47:09] [Login Info] Fanart.tv - Scrubs v2(plugin.video.scrubsv2) is not installed
[2019-12-16 17:47:09] [Login Info] Fanart.tv - THE CREW(plugin.video.thecrew) is not installed
[2019-12-16 17:47:09] [Login Info] Fanart.tv - Venom(plugin.video.venom) is not installed
[2019-12-16 17:47:09] Login Data Not Found for IMDb - Exodus Redux
[2019-12-16 17:47:09] [Login Info] IMDb - Gaia(plugin.video.gaia) is not installed
[2019-12-16 17:47:09] [Login Info] IMDb - NuMb3r5(plugin.video.numbersbynumbers) is not installed
[2019-12-16 17:47:09] [Login Info] IMDb - Premiumizer(plugin.video.premiumizer) is not installed
[2019-12-16 17:47:09] [Login Info] IMDb - Realizer(plugin.video.realizer) is not installed
[2019-12-16 17:47:09] [Login Info] IMDb - Scrubs v2(plugin.video.scrubsv2) is not installed
[2019-12-16 17:47:09] [Login Info] IMDb - THE CREW(plugin.video.thecrew) is not installed
[2019-12-16 17:47:09] [Login Info] IMDb - Venom(plugin.video.venom) is not installed
[2019-12-16 17:47:09] [Login Info] Kitsu - WonderfulSubs(plugin.video.wonderfulsubs) is not installed
[2019-12-16 17:47:09] [Login Info] Internet Archive - IAGL(plugin.program.iagl) is not installed
[2019-12-16 17:47:09] [Login Info] Netflix(plugin.video.netflix) is not installed
[2019-12-16 17:47:09] [Login Info] MyAnimeList - WonderfulSubs(plugin.video.wonderfulsubs) is not installed
[2019-12-16 17:47:09] [Login Info] OMDb - script.module.metadatautils(script.module.metadatautils) is not installed
[2019-12-16 17:47:09] Login Data Restored for OMDb - metahandler
[2019-12-16 17:47:09] [Login Info] OMDb - TheMovieDb Helper(plugin.video.themoviedb.helper) is not installed
[2019-12-16 17:47:09] [Login Info] OpenSubtitles.org(service.subtitles.opensubtitles) is not installed
[2019-12-16 17:47:09] [Login Info] OpenSubtitles.org by OpenSubtitles(service.subtitles.opensubtitles_by_opensubtitles) is not installed
[2019-12-16 17:47:09] [Login Info] Orion(script.module.orion) is not installed
[2019-12-16 17:47:09] Login Data Restored for TMDb - Exodus Redux
[2019-12-16 17:47:09] Login Data Not Found for TMDb Login - ExtendedInfo Script
[2019-12-16 17:47:09] [Login Info] TMDb - Gaia(plugin.video.gaia) is not installed
[2019-12-16 17:47:09] [Login Info] TMDb - script.module.metadatautils(script.module.metadatautils) is not installed
[2019-12-16 17:47:09] [Login Info] TMDb - NuMb3r5(plugin.video.numbersbynumbers) is not installed
[2019-12-16 17:47:09] Login Data Not Found for TMDb - OpenInfo
[2019-12-16 17:47:09] [Login Info] TMDb - OpenMeta(plugin.video.openmeta) is not installed
[2019-12-16 17:47:09] [Login Info] TMDb - Premiumizer(plugin.video.premiumizer) is not installed
[2019-12-16 17:47:09] [Login Info] TMDb - Realizer(plugin.video.realizer) is not installed
[2019-12-16 17:47:09] [Login Info] TMDb - Scrubs v2(plugin.video.scrubsv2) is not installed
[2019-12-16 17:47:09] [Login Info] TMDb - Seren(plugin.video.seren) is not installed
[2019-12-16 17:47:09] [Login Info] TMDb - THE CREW(plugin.video.thecrew) is not installed
[2019-12-16 17:47:09] [Login Info] TMDb - TheMovieDb Helper(plugin.video.themoviedb.helper) is not installed
[2019-12-16 17:47:09] [Login Info] TMDb - Venom(plugin.video.venom) is not installed
[2019-12-16 17:47:09] [Login Info] Trakt - OpenMeta(plugin.video.openmeta) is not installed
[2019-12-16 17:47:09] [Login Info] Trakt - Seren(plugin.video.seren) is not installed
[2019-12-16 17:47:09] Login Data Restored for TVDB - metahandler
[2019-12-16 17:47:09] [Login Info] TVDB - OpenMeta(plugin.video.openmeta) is not installed
[2019-12-16 17:47:09] [Login Info] TVDB - Premiumizer(plugin.video.premiumizer) is not installed
[2019-12-16 17:47:09] [Login Info] TVDB - Realizer(plugin.video.realizer) is not installed
[2019-12-16 17:47:09] [Login Info] TVDB - Seren(plugin.video.seren) is not installed
[2019-12-16 17:47:09] [Login Info] Yahoo! Weather(weather.yahoo) is not installed
[2019-12-16 17:47:09] [Login Info] WonderfulSubs - WonderfulSubs(plugin.video.wonderfulsubs) is not installed
[2019-12-16 17:47:09] [Build Installed Check] Restoring Login Data
[2019-12-16 17:47:09] [Trakt Data] Started
[2019-12-16 17:47:09] [Trakt Data] Next Auto Save isn't until: 2019-12-19 / TODAY is: 2019-12-16
[2019-12-16 17:47:09] [Debrid Data] Started
[2019-12-16 17:47:09] [Debrid Data] Next Auto Save isn't until: 2019-12-19 / TODAY is: 2019-12-16
[2019-12-16 17:47:09] [Login Info] Started
[2019-12-16 17:47:09] [Login Info] Next Auto Save isn't until: 2019-12-19 / TODAY is: 2019-12-16
[2019-12-16 17:47:09] [Auto Clean Up] Not Enabled
[2019-12-16 17:49:39] plugin://plugin.program.multiwuwizard/: 
[2019-12-16 17:49:39] URL check passed for http://polskanora.tk/kodi/builds.txt: Status code [200]
[2019-12-16 17:49:39] URL check passed for http://polskanora.tk/kodi/builds.txt: Status code [200]
[2019-12-16 17:49:40] URL check passed for http://polskanora.tk/kodi/builds.txt: Status code [200]
[2019-12-16 17:49:40] URL check passed for http://polskanora.tk/kodi/builds.txt: Status code [200]
[2019-12-16 17:49:40] URL is not of a valid schema: url.to.themes
[2019-12-16 17:49:40] URL is not of a valid schema: http://
[2019-12-16 17:49:40] URL is not of a valid schema: http://
[2019-12-16 17:49:43] plugin://plugin.program.multiwuwizard/: [ mode: builds ] 
[2019-12-16 17:49:43] URL check passed for http://polskanora.tk/kodi/builds.txt: Status code [200]
[2019-12-16 17:49:43] URL check passed for http://polskanora.tk/kodi/builds.txt: Status code [200]
[2019-12-16 17:49:43] URL check passed for http://polskanora.tk/kodi/builds.txt: Status code [200]
[2019-12-16 17:49:43] URL check passed for http://polskanora.tk/kodi/builds.txt: Status code [200]
[2019-12-16 17:49:43] URL is not of a valid schema: http://
[2019-12-16 17:49:43] URL is not of a valid schema: url.to.guisettings
[2019-12-16 17:49:43] URL is not of a valid schema: url.to.themes
[2019-12-16 17:49:49] plugin://plugin.program.multiwuwizard/: [ mode: buildinfo ] [ name: MWUBuild Alpha ] 
[2019-12-16 17:49:49] URL check passed for http://polskanora.tk/kodi/builds.txt: Status code [200]
[2019-12-16 17:49:49] URL check passed for http://polskanora.tk/kodi/builds.txt: Status code [200]
[2019-12-16 17:49:49] URL check passed for http://polskanora.tk/kodi/builds.txt: Status code [200]
[2019-12-16 17:49:49] URL is not of a valid schema: url.to.info
[2019-12-16 17:49:49] URL check passed for http://polskanora.tk/kodi/builds.txt: Status code [200]
[2019-12-16 17:49:49] URL is not of a valid schema: url.to.themes
